I20240328 09:54:42.236100     1 StorageDaemon.cpp:132] localhost = "storaged0":9779
I20240328 09:54:42.237627     1 StorageDaemon.cpp:147] data path= /data/storage
I20240328 09:54:42.255394     1 MetaClient.cpp:80] Create meta client to "metad0":9559
I20240328 09:54:42.255672     1 MetaClient.cpp:81] root path: /usr/local/nebula, data path size: 1
W20240328 09:54:42.257540     1 FileBasedClusterIdMan.cpp:43] Open file failed, error No such file or directory
I20240328 09:54:42.278067    48 ThriftClientManager-inl.h:67] resolve "metad0":9559 as "172.23.0.2":9559
I20240328 09:54:43.308323    48 ThriftClientManager-inl.h:67] resolve "metad0":9559 as "172.23.0.2":9559
E20240328 09:54:45.328634     1 MetaClient.cpp:112] Heartbeat failed, status:Machine not existed!
I20240328 09:54:45.329146     1 MetaClient.cpp:137] Waiting for the metad to be ready!
W20240328 09:54:55.329387     1 FileBasedClusterIdMan.cpp:43] Open file failed, error No such file or directory
I20240328 09:54:55.330881    54 ThriftClientManager-inl.h:67] resolve "metad0":9559 as "172.23.0.2":9559
E20240328 09:54:58.358333     1 MetaClient.cpp:112] Heartbeat failed, status:Machine not existed!
I20240328 09:54:58.358454     1 MetaClient.cpp:137] Waiting for the metad to be ready!
W20240328 09:55:08.358606     1 FileBasedClusterIdMan.cpp:43] Open file failed, error No such file or directory
I20240328 09:55:08.360180    55 ThriftClientManager-inl.h:67] resolve "metad0":9559 as "172.23.0.2":9559
E20240328 09:55:11.378435     1 MetaClient.cpp:112] Heartbeat failed, status:Machine not existed!
I20240328 09:55:11.378479     1 MetaClient.cpp:137] Waiting for the metad to be ready!
W20240328 09:55:21.378679     1 FileBasedClusterIdMan.cpp:43] Open file failed, error No such file or directory
I20240328 09:55:21.380117    56 ThriftClientManager-inl.h:67] resolve "metad0":9559 as "172.23.0.2":9559
E20240328 09:55:24.438519     1 MetaClient.cpp:112] Heartbeat failed, status:Machine not existed!
I20240328 09:55:24.438658     1 MetaClient.cpp:137] Waiting for the metad to be ready!
W20240328 09:55:34.439055     1 FileBasedClusterIdMan.cpp:43] Open file failed, error No such file or directory
I20240328 09:55:34.440429    57 ThriftClientManager-inl.h:67] resolve "metad0":9559 as "172.23.0.2":9559
E20240328 09:55:37.467658     1 MetaClient.cpp:112] Heartbeat failed, status:Machine not existed!
I20240328 09:55:37.467758     1 MetaClient.cpp:137] Waiting for the metad to be ready!
W20240328 09:55:47.467742     1 FileBasedClusterIdMan.cpp:43] Open file failed, error No such file or directory
I20240328 09:55:47.468961    58 ThriftClientManager-inl.h:67] resolve "metad0":9559 as "172.23.0.2":9559
E20240328 09:55:50.489017     1 MetaClient.cpp:112] Heartbeat failed, status:Machine not existed!
I20240328 09:55:50.489058     1 MetaClient.cpp:137] Waiting for the metad to be ready!
W20240328 09:56:00.489363     1 FileBasedClusterIdMan.cpp:43] Open file failed, error No such file or directory
I20240328 09:56:00.490572    59 ThriftClientManager-inl.h:67] resolve "metad0":9559 as "172.23.0.2":9559
E20240328 09:56:03.526937     1 MetaClient.cpp:112] Heartbeat failed, status:Machine not existed!
I20240328 09:56:03.527091     1 MetaClient.cpp:137] Waiting for the metad to be ready!
W20240328 09:56:13.527079     1 FileBasedClusterIdMan.cpp:43] Open file failed, error No such file or directory
I20240328 09:56:13.528313    60 ThriftClientManager-inl.h:67] resolve "metad0":9559 as "172.23.0.2":9559
E20240328 09:56:16.557345     1 MetaClient.cpp:112] Heartbeat failed, status:Machine not existed!
I20240328 09:56:16.557394     1 MetaClient.cpp:137] Waiting for the metad to be ready!
W20240328 09:56:26.557602     1 FileBasedClusterIdMan.cpp:43] Open file failed, error No such file or directory
I20240328 09:56:26.558405    61 ThriftClientManager-inl.h:67] resolve "metad0":9559 as "172.23.0.2":9559
E20240328 09:56:29.567709     1 MetaClient.cpp:112] Heartbeat failed, status:Machine not existed!
I20240328 09:56:29.567772     1 MetaClient.cpp:137] Waiting for the metad to be ready!
W20240328 09:56:39.568558     1 FileBasedClusterIdMan.cpp:43] Open file failed, error No such file or directory
I20240328 09:56:39.575299    62 ThriftClientManager-inl.h:67] resolve "metad0":9559 as "172.23.0.2":9559
E20240328 09:56:42.607681     1 MetaClient.cpp:112] Heartbeat failed, status:Machine not existed!
I20240328 09:56:42.607813     1 MetaClient.cpp:137] Waiting for the metad to be ready!
W20240328 09:56:52.607957     1 FileBasedClusterIdMan.cpp:43] Open file failed, error No such file or directory
I20240328 09:56:52.609140    63 ThriftClientManager-inl.h:67] resolve "metad0":9559 as "172.23.0.2":9559
E20240328 09:56:55.636914     1 MetaClient.cpp:112] Heartbeat failed, status:Machine not existed!
I20240328 09:56:55.637022     1 MetaClient.cpp:137] Waiting for the metad to be ready!
W20240328 09:57:05.637199     1 FileBasedClusterIdMan.cpp:43] Open file failed, error No such file or directory
I20240328 09:57:05.638504    64 ThriftClientManager-inl.h:67] resolve "metad0":9559 as "172.23.0.2":9559
E20240328 09:57:08.667551     1 MetaClient.cpp:112] Heartbeat failed, status:Machine not existed!
I20240328 09:57:08.667661     1 MetaClient.cpp:137] Waiting for the metad to be ready!
W20240328 09:57:18.667905     1 FileBasedClusterIdMan.cpp:43] Open file failed, error No such file or directory
I20240328 09:57:18.669299    72 ThriftClientManager-inl.h:67] resolve "metad0":9559 as "172.23.0.2":9559
E20240328 09:57:21.699317     1 MetaClient.cpp:112] Heartbeat failed, status:Machine not existed!
I20240328 09:57:21.699373     1 MetaClient.cpp:137] Waiting for the metad to be ready!
W20240328 09:57:31.699548     1 FileBasedClusterIdMan.cpp:43] Open file failed, error No such file or directory
I20240328 09:57:31.700800    73 ThriftClientManager-inl.h:67] resolve "metad0":9559 as "172.23.0.2":9559
E20240328 09:57:34.737488     1 MetaClient.cpp:112] Heartbeat failed, status:Machine not existed!
I20240328 09:57:34.737524     1 MetaClient.cpp:137] Waiting for the metad to be ready!
W20240328 09:57:44.737663     1 FileBasedClusterIdMan.cpp:43] Open file failed, error No such file or directory
I20240328 09:57:44.739239    74 ThriftClientManager-inl.h:67] resolve "metad0":9559 as "172.23.0.2":9559
E20240328 09:57:47.767335     1 MetaClient.cpp:112] Heartbeat failed, status:Machine not existed!
I20240328 09:57:47.767391     1 MetaClient.cpp:137] Waiting for the metad to be ready!
W20240328 09:57:57.767633     1 FileBasedClusterIdMan.cpp:43] Open file failed, error No such file or directory
I20240328 09:57:57.769146    75 ThriftClientManager-inl.h:67] resolve "metad0":9559 as "172.23.0.2":9559
E20240328 09:58:00.797636     1 MetaClient.cpp:112] Heartbeat failed, status:Machine not existed!
I20240328 09:58:00.797719     1 MetaClient.cpp:137] Waiting for the metad to be ready!
W20240328 09:58:10.797813     1 FileBasedClusterIdMan.cpp:43] Open file failed, error No such file or directory
E20240328 09:58:13.826922     1 MetaClient.cpp:112] Heartbeat failed, status:Machine not existed!
I20240328 09:58:13.827039     1 MetaClient.cpp:137] Waiting for the metad to be ready!
W20240328 09:58:23.827214     1 FileBasedClusterIdMan.cpp:43] Open file failed, error No such file or directory
E20240328 09:58:26.857722     1 MetaClient.cpp:112] Heartbeat failed, status:Machine not existed!
I20240328 09:58:26.857774     1 MetaClient.cpp:137] Waiting for the metad to be ready!
W20240328 09:58:36.857923     1 FileBasedClusterIdMan.cpp:43] Open file failed, error No such file or directory
E20240328 09:58:39.907856     1 MetaClient.cpp:112] Heartbeat failed, status:Machine not existed!
I20240328 09:58:39.908004     1 MetaClient.cpp:137] Waiting for the metad to be ready!
W20240328 09:58:49.908221     1 FileBasedClusterIdMan.cpp:43] Open file failed, error No such file or directory
E20240328 09:58:52.915186     1 MetaClient.cpp:112] Heartbeat failed, status:Machine not existed!
I20240328 09:58:52.915375     1 MetaClient.cpp:137] Waiting for the metad to be ready!
W20240328 09:59:02.915585     1 FileBasedClusterIdMan.cpp:43] Open file failed, error No such file or directory
E20240328 09:59:05.923452     1 MetaClient.cpp:112] Heartbeat failed, status:Machine not existed!
I20240328 09:59:05.923601     1 MetaClient.cpp:137] Waiting for the metad to be ready!
W20240328 09:59:15.923529     1 FileBasedClusterIdMan.cpp:43] Open file failed, error No such file or directory
E20240328 09:59:18.929791     1 MetaClient.cpp:112] Heartbeat failed, status:Machine not existed!
I20240328 09:59:18.929898     1 MetaClient.cpp:137] Waiting for the metad to be ready!
W20240328 09:59:28.930089     1 FileBasedClusterIdMan.cpp:43] Open file failed, error No such file or directory
E20240328 09:59:31.937661     1 MetaClient.cpp:112] Heartbeat failed, status:Machine not existed!
I20240328 09:59:31.937742     1 MetaClient.cpp:137] Waiting for the metad to be ready!
W20240328 09:59:41.937439     1 FileBasedClusterIdMan.cpp:43] Open file failed, error No such file or directory
E20240328 09:59:44.945108     1 MetaClient.cpp:112] Heartbeat failed, status:Machine not existed!
I20240328 09:59:44.945154     1 MetaClient.cpp:137] Waiting for the metad to be ready!
W20240328 09:59:54.945374     1 FileBasedClusterIdMan.cpp:43] Open file failed, error No such file or directory
E20240328 09:59:57.953218     1 MetaClient.cpp:112] Heartbeat failed, status:Machine not existed!
I20240328 09:59:57.953388     1 MetaClient.cpp:137] Waiting for the metad to be ready!
W20240328 10:00:07.953595     1 FileBasedClusterIdMan.cpp:43] Open file failed, error No such file or directory
E20240328 10:00:10.959926     1 MetaClient.cpp:112] Heartbeat failed, status:Machine not existed!
I20240328 10:00:10.959971     1 MetaClient.cpp:137] Waiting for the metad to be ready!
W20240328 10:00:20.960194     1 FileBasedClusterIdMan.cpp:43] Open file failed, error No such file or directory
E20240328 10:00:23.967628     1 MetaClient.cpp:112] Heartbeat failed, status:Machine not existed!
I20240328 10:00:23.967675     1 MetaClient.cpp:137] Waiting for the metad to be ready!
W20240328 10:00:33.967841     1 FileBasedClusterIdMan.cpp:43] Open file failed, error No such file or directory
E20240328 10:00:36.974846     1 MetaClient.cpp:112] Heartbeat failed, status:Machine not existed!
I20240328 10:00:36.975400     1 MetaClient.cpp:137] Waiting for the metad to be ready!
W20240328 10:00:46.976274     1 FileBasedClusterIdMan.cpp:43] Open file failed, error No such file or directory
E20240328 10:00:49.993768     1 MetaClient.cpp:112] Heartbeat failed, status:Machine not existed!
I20240328 10:00:49.993955     1 MetaClient.cpp:137] Waiting for the metad to be ready!
W20240328 10:00:59.994189     1 FileBasedClusterIdMan.cpp:43] Open file failed, error No such file or directory
E20240328 10:01:03.002189     1 MetaClient.cpp:112] Heartbeat failed, status:Machine not existed!
I20240328 10:01:03.002238     1 MetaClient.cpp:137] Waiting for the metad to be ready!
W20240328 10:01:13.002489     1 FileBasedClusterIdMan.cpp:43] Open file failed, error No such file or directory
E20240328 10:01:16.026399     1 MetaClient.cpp:112] Heartbeat failed, status:Machine not existed!
I20240328 10:01:16.026481     1 MetaClient.cpp:137] Waiting for the metad to be ready!
W20240328 10:01:26.026752     1 FileBasedClusterIdMan.cpp:43] Open file failed, error No such file or directory
E20240328 10:01:29.045753     1 MetaClient.cpp:112] Heartbeat failed, status:Machine not existed!
I20240328 10:01:29.045890     1 MetaClient.cpp:137] Waiting for the metad to be ready!
W20240328 10:01:39.046042     1 FileBasedClusterIdMan.cpp:43] Open file failed, error No such file or directory
E20240328 10:01:42.065979     1 MetaClient.cpp:112] Heartbeat failed, status:Machine not existed!
I20240328 10:01:42.066082     1 MetaClient.cpp:137] Waiting for the metad to be ready!
W20240328 10:01:52.066236     1 FileBasedClusterIdMan.cpp:43] Open file failed, error No such file or directory
E20240328 10:01:55.075542     1 MetaClient.cpp:112] Heartbeat failed, status:Machine not existed!
I20240328 10:01:55.075692     1 MetaClient.cpp:137] Waiting for the metad to be ready!
W20240328 10:02:05.075865     1 FileBasedClusterIdMan.cpp:43] Open file failed, error No such file or directory
E20240328 10:02:08.106457     1 MetaClient.cpp:112] Heartbeat failed, status:Machine not existed!
I20240328 10:02:08.106508     1 MetaClient.cpp:137] Waiting for the metad to be ready!
W20240328 10:02:18.105710     1 FileBasedClusterIdMan.cpp:43] Open file failed, error No such file or directory
E20240328 10:02:21.135010     1 MetaClient.cpp:112] Heartbeat failed, status:Machine not existed!
I20240328 10:02:21.135111     1 MetaClient.cpp:137] Waiting for the metad to be ready!
W20240328 10:02:31.135393     1 FileBasedClusterIdMan.cpp:43] Open file failed, error No such file or directory
E20240328 10:02:34.164956     1 MetaClient.cpp:112] Heartbeat failed, status:Machine not existed!
I20240328 10:02:34.165064     1 MetaClient.cpp:137] Waiting for the metad to be ready!
W20240328 10:02:44.165691     1 FileBasedClusterIdMan.cpp:43] Open file failed, error No such file or directory
E20240328 10:02:47.173226     1 MetaClient.cpp:112] Heartbeat failed, status:Machine not existed!
I20240328 10:02:47.173274     1 MetaClient.cpp:137] Waiting for the metad to be ready!
W20240328 10:02:57.173485     1 FileBasedClusterIdMan.cpp:43] Open file failed, error No such file or directory
E20240328 10:03:00.206126     1 MetaClient.cpp:112] Heartbeat failed, status:Machine not existed!
I20240328 10:03:00.206176     1 MetaClient.cpp:137] Waiting for the metad to be ready!
W20240328 10:03:10.206441     1 FileBasedClusterIdMan.cpp:43] Open file failed, error No such file or directory
E20240328 10:03:13.235847     1 MetaClient.cpp:112] Heartbeat failed, status:Machine not existed!
I20240328 10:03:13.236631     1 MetaClient.cpp:137] Waiting for the metad to be ready!
W20240328 10:03:23.237187     1 FileBasedClusterIdMan.cpp:43] Open file failed, error No such file or directory
E20240328 10:03:26.245412     1 MetaClient.cpp:112] Heartbeat failed, status:Machine not existed!
I20240328 10:03:26.245573     1 MetaClient.cpp:137] Waiting for the metad to be ready!
W20240328 10:03:36.245775     1 FileBasedClusterIdMan.cpp:43] Open file failed, error No such file or directory
E20240328 10:03:39.275432     1 MetaClient.cpp:112] Heartbeat failed, status:Machine not existed!
I20240328 10:03:39.275482     1 MetaClient.cpp:137] Waiting for the metad to be ready!
W20240328 10:03:49.274961     1 FileBasedClusterIdMan.cpp:43] Open file failed, error No such file or directory
E20240328 10:03:52.297056     1 MetaClient.cpp:112] Heartbeat failed, status:Machine not existed!
I20240328 10:03:52.297098     1 MetaClient.cpp:137] Waiting for the metad to be ready!
W20240328 10:04:02.297330     1 FileBasedClusterIdMan.cpp:43] Open file failed, error No such file or directory
E20240328 10:04:05.306824     1 MetaClient.cpp:112] Heartbeat failed, status:Machine not existed!
I20240328 10:04:05.306979     1 MetaClient.cpp:137] Waiting for the metad to be ready!
W20240328 10:04:15.306982     1 FileBasedClusterIdMan.cpp:43] Open file failed, error No such file or directory
E20240328 10:04:18.324136     1 MetaClient.cpp:112] Heartbeat failed, status:Machine not existed!
I20240328 10:04:18.324189     1 MetaClient.cpp:137] Waiting for the metad to be ready!
W20240328 10:04:28.324414     1 FileBasedClusterIdMan.cpp:43] Open file failed, error No such file or directory
E20240328 10:04:31.342553     1 MetaClient.cpp:112] Heartbeat failed, status:Machine not existed!
I20240328 10:04:31.342602     1 MetaClient.cpp:137] Waiting for the metad to be ready!
W20240328 10:04:41.342108     1 FileBasedClusterIdMan.cpp:43] Open file failed, error No such file or directory
E20240328 10:04:44.373670     1 MetaClient.cpp:112] Heartbeat failed, status:Machine not existed!
I20240328 10:04:44.373838     1 MetaClient.cpp:137] Waiting for the metad to be ready!
W20240328 10:04:54.374039     1 FileBasedClusterIdMan.cpp:43] Open file failed, error No such file or directory
E20240328 10:04:57.381479     1 MetaClient.cpp:112] Heartbeat failed, status:Machine not existed!
I20240328 10:04:57.381533     1 MetaClient.cpp:137] Waiting for the metad to be ready!
W20240328 10:05:07.381791     1 FileBasedClusterIdMan.cpp:43] Open file failed, error No such file or directory
E20240328 10:05:10.387682     1 MetaClient.cpp:112] Heartbeat failed, status:Machine not existed!
I20240328 10:05:10.387737     1 MetaClient.cpp:137] Waiting for the metad to be ready!
W20240328 10:05:20.387960     1 FileBasedClusterIdMan.cpp:43] Open file failed, error No such file or directory
E20240328 10:05:23.395526     1 MetaClient.cpp:112] Heartbeat failed, status:Machine not existed!
I20240328 10:05:23.395596     1 MetaClient.cpp:137] Waiting for the metad to be ready!
W20240328 10:05:33.395804     1 FileBasedClusterIdMan.cpp:43] Open file failed, error No such file or directory
E20240328 10:05:36.403225     1 MetaClient.cpp:112] Heartbeat failed, status:Machine not existed!
I20240328 10:05:36.403278     1 MetaClient.cpp:137] Waiting for the metad to be ready!
W20240328 10:05:46.403513     1 FileBasedClusterIdMan.cpp:43] Open file failed, error No such file or directory
E20240328 10:05:49.411757     1 MetaClient.cpp:112] Heartbeat failed, status:Machine not existed!
I20240328 10:05:49.411826     1 MetaClient.cpp:137] Waiting for the metad to be ready!
W20240328 10:05:59.412004     1 FileBasedClusterIdMan.cpp:43] Open file failed, error No such file or directory
E20240328 10:06:02.452373     1 MetaClient.cpp:112] Heartbeat failed, status:Machine not existed!
I20240328 10:06:02.452423     1 MetaClient.cpp:137] Waiting for the metad to be ready!
W20240328 10:06:12.453356     1 FileBasedClusterIdMan.cpp:43] Open file failed, error No such file or directory
E20240328 10:06:15.483340     1 MetaClient.cpp:112] Heartbeat failed, status:Machine not existed!
I20240328 10:06:15.483387     1 MetaClient.cpp:137] Waiting for the metad to be ready!
W20240328 10:06:25.483649     1 FileBasedClusterIdMan.cpp:43] Open file failed, error No such file or directory
E20240328 10:06:28.513178     1 MetaClient.cpp:112] Heartbeat failed, status:Machine not existed!
I20240328 10:06:28.513279     1 MetaClient.cpp:137] Waiting for the metad to be ready!
W20240328 10:06:38.513492     1 FileBasedClusterIdMan.cpp:43] Open file failed, error No such file or directory
E20240328 10:06:41.531692     1 MetaClient.cpp:112] Heartbeat failed, status:Machine not existed!
I20240328 10:06:41.531728     1 MetaClient.cpp:137] Waiting for the metad to be ready!
W20240328 10:06:51.531895     1 FileBasedClusterIdMan.cpp:43] Open file failed, error No such file or directory
E20240328 10:06:54.562737     1 MetaClient.cpp:112] Heartbeat failed, status:Machine not existed!
I20240328 10:06:54.562847     1 MetaClient.cpp:137] Waiting for the metad to be ready!
W20240328 10:07:04.563529     1 FileBasedClusterIdMan.cpp:43] Open file failed, error No such file or directory
E20240328 10:07:07.575522     1 MetaClient.cpp:112] Heartbeat failed, status:Machine not existed!
I20240328 10:07:07.575735     1 MetaClient.cpp:137] Waiting for the metad to be ready!
W20240328 10:07:17.576146     1 FileBasedClusterIdMan.cpp:43] Open file failed, error No such file or directory
E20240328 10:07:20.591991     1 MetaClient.cpp:112] Heartbeat failed, status:Machine not existed!
I20240328 10:07:20.592108     1 MetaClient.cpp:137] Waiting for the metad to be ready!
W20240328 10:07:30.592293     1 FileBasedClusterIdMan.cpp:43] Open file failed, error No such file or directory
E20240328 10:07:33.622340     1 MetaClient.cpp:112] Heartbeat failed, status:Machine not existed!
I20240328 10:07:33.622386     1 MetaClient.cpp:137] Waiting for the metad to be ready!
W20240328 10:07:43.622442     1 FileBasedClusterIdMan.cpp:43] Open file failed, error No such file or directory
E20240328 10:07:46.652675     1 MetaClient.cpp:112] Heartbeat failed, status:Machine not existed!
I20240328 10:07:46.652844     1 MetaClient.cpp:137] Waiting for the metad to be ready!
W20240328 10:07:56.653046     1 FileBasedClusterIdMan.cpp:43] Open file failed, error No such file or directory
E20240328 10:07:59.682574     1 MetaClient.cpp:112] Heartbeat failed, status:Machine not existed!
I20240328 10:07:59.682662     1 MetaClient.cpp:137] Waiting for the metad to be ready!
W20240328 10:08:09.682881     1 FileBasedClusterIdMan.cpp:43] Open file failed, error No such file or directory
E20240328 10:08:12.711838     1 MetaClient.cpp:112] Heartbeat failed, status:Machine not existed!
I20240328 10:08:12.711884     1 MetaClient.cpp:137] Waiting for the metad to be ready!
W20240328 10:08:22.712098     1 FileBasedClusterIdMan.cpp:43] Open file failed, error No such file or directory
E20240328 10:08:25.743813     1 MetaClient.cpp:112] Heartbeat failed, status:Machine not existed!
I20240328 10:08:25.743980     1 MetaClient.cpp:137] Waiting for the metad to be ready!
W20240328 10:08:35.744133     1 FileBasedClusterIdMan.cpp:43] Open file failed, error No such file or directory
E20240328 10:08:38.751050     1 MetaClient.cpp:112] Heartbeat failed, status:Machine not existed!
I20240328 10:08:38.751104     1 MetaClient.cpp:137] Waiting for the metad to be ready!
W20240328 10:08:48.752475     1 FileBasedClusterIdMan.cpp:43] Open file failed, error No such file or directory
E20240328 10:08:51.773658     1 MetaClient.cpp:112] Heartbeat failed, status:Machine not existed!
I20240328 10:08:51.773710     1 MetaClient.cpp:137] Waiting for the metad to be ready!
W20240328 10:09:01.773902     1 FileBasedClusterIdMan.cpp:43] Open file failed, error No such file or directory
E20240328 10:09:04.812418     1 MetaClient.cpp:112] Heartbeat failed, status:Machine not existed!
I20240328 10:09:04.812990     1 MetaClient.cpp:137] Waiting for the metad to be ready!
W20240328 10:09:14.813568     1 FileBasedClusterIdMan.cpp:43] Open file failed, error No such file or directory
E20240328 10:09:17.842831     1 MetaClient.cpp:112] Heartbeat failed, status:Machine not existed!
I20240328 10:09:17.842962     1 MetaClient.cpp:137] Waiting for the metad to be ready!
W20240328 10:09:27.843180     1 FileBasedClusterIdMan.cpp:43] Open file failed, error No such file or directory
E20240328 10:09:30.871578     1 MetaClient.cpp:112] Heartbeat failed, status:Machine not existed!
I20240328 10:09:30.871620     1 MetaClient.cpp:137] Waiting for the metad to be ready!
W20240328 10:09:40.871749     1 FileBasedClusterIdMan.cpp:43] Open file failed, error No such file or directory
E20240328 10:09:43.901860     1 MetaClient.cpp:112] Heartbeat failed, status:Machine not existed!
I20240328 10:09:43.902184     1 MetaClient.cpp:137] Waiting for the metad to be ready!
W20240328 10:09:53.902621     1 FileBasedClusterIdMan.cpp:43] Open file failed, error No such file or directory
E20240328 10:09:56.932240     1 MetaClient.cpp:112] Heartbeat failed, status:Machine not existed!
I20240328 10:09:56.932391     1 MetaClient.cpp:137] Waiting for the metad to be ready!
W20240328 10:10:06.932536     1 FileBasedClusterIdMan.cpp:43] Open file failed, error No such file or directory
E20240328 10:10:09.962435     1 MetaClient.cpp:112] Heartbeat failed, status:Machine not existed!
I20240328 10:10:09.962483     1 MetaClient.cpp:137] Waiting for the metad to be ready!
I20240328 10:10:16.783586     1 StorageDaemon.cpp:201] Signal 15(Terminated) received, stopping this server
W20240328 10:10:16.784054     1 FileBasedClusterIdMan.cpp:43] Open file failed, error No such file or directory
E20240328 10:10:19.811590     1 MetaClient.cpp:112] Heartbeat failed, status:Machine not existed!
E20240328 10:10:19.811758     1 MetaClient.cpp:143] Connect to the MetaServer Failed
E20240328 10:10:19.811811     1 StorageServer.cpp:237] waitForMetadReady error!
E20240328 10:10:19.811903     1 StorageDaemon.cpp:180] Storage server start failed
I20240328 10:10:50.425655     1 StorageDaemon.cpp:132] localhost = "storaged0":9779
I20240328 10:10:50.429104     1 StorageDaemon.cpp:147] data path= /data/storage
I20240328 10:10:50.436635     1 MetaClient.cpp:80] Create meta client to "metad0":9559
I20240328 10:10:50.436672     1 MetaClient.cpp:81] root path: /usr/local/nebula, data path size: 1
W20240328 10:10:50.436700     1 FileBasedClusterIdMan.cpp:43] Open file failed, error No such file or directory
I20240328 10:10:50.476389    48 ThriftClientManager-inl.h:67] resolve "metad2":9559 as "172.24.0.4":9559
I20240328 10:10:51.482699    48 ThriftClientManager-inl.h:67] resolve "metad0":9559 as "172.24.0.2":9559
I20240328 10:10:53.502207    48 MetaClient.cpp:2672] Persist the cluster Id from metad 7244924658572692314
I20240328 10:10:53.502245    48 FileBasedClusterIdMan.cpp:21] Remove the existed file cluster.id
I20240328 10:10:53.502297    48 FileBasedClusterIdMan.cpp:34] Persist clusterId 7244924658572692314 succeeded!
I20240328 10:10:53.505914    54 ThriftClientManager-inl.h:67] resolve "metad0":9559 as "172.24.0.2":9559
I20240328 10:10:53.520220    55 ThriftClientManager-inl.h:67] resolve "metad0":9559 as "172.24.0.2":9559
I20240328 10:10:53.521996    56 ThriftClientManager-inl.h:67] resolve "metad0":9559 as "172.24.0.2":9559
I20240328 10:10:53.524503    57 ThriftClientManager-inl.h:67] resolve "metad0":9559 as "172.24.0.2":9559
I20240328 10:10:53.527719    58 ThriftClientManager-inl.h:67] resolve "metad0":9559 as "172.24.0.2":9559
I20240328 10:10:53.535733    59 ThriftClientManager-inl.h:67] resolve "metad0":9559 as "172.24.0.2":9559
I20240328 10:10:53.537884    60 ThriftClientManager-inl.h:67] resolve "metad0":9559 as "172.24.0.2":9559
I20240328 10:10:53.538581     1 MetaClient.cpp:3263] Load leader of "storaged0":9779 in 0 space
I20240328 10:10:53.538609     1 MetaClient.cpp:3263] Load leader of "storaged1":9779 in 0 space
I20240328 10:10:53.538614     1 MetaClient.cpp:3263] Load leader of "storaged2":9779 in 0 space
I20240328 10:10:53.538619     1 MetaClient.cpp:3269] Load leader ok
I20240328 10:10:53.539518    61 ThriftClientManager-inl.h:67] resolve "metad0":9559 as "172.24.0.2":9559
I20240328 10:10:53.581187    62 ThriftClientManager-inl.h:67] resolve "metad0":9559 as "172.24.0.2":9559
I20240328 10:10:53.583750     1 MetaClient.cpp:162] Register time task for heartbeat!
I20240328 10:10:53.583792     1 StorageServer.cpp:250] Init schema manager
I20240328 10:10:53.583799     1 StorageServer.cpp:253] Init index manager
I20240328 10:10:53.583803     1 StorageServer.cpp:256] Init kvstore
I20240328 10:10:53.583819     1 NebulaStore.cpp:48] Start the raft service...
I20240328 10:10:53.584537     1 NebulaSnapshotManager.cpp:25] Send snapshot is rate limited to 10485760 for each part by default
I20240328 10:10:53.621630     1 RaftexService.cpp:46] Start raft service on 9780
I20240328 10:10:53.621781     1 NebulaStore.cpp:82] Scan the local path, and init the spaces_
E20240328 10:10:53.621846     1 FileUtils.cpp:377] Failed to read the directory "/data/storage/nebula" (2): No such file or directory
I20240328 10:10:53.625753     1 NebulaStore.cpp:292] Init data from partManager for "storaged0":9779
I20240328 10:10:53.625774     1 NebulaStore.cpp:75] Register handler...
I20240328 10:10:53.625780     1 StorageServer.cpp:259] Init LogMonitor
I20240328 10:10:53.626036     1 StorageServer.cpp:126] Starting Storage HTTP Service
I20240328 10:10:53.626564     1 StorageServer.cpp:130] Http Thread Pool started
I20240328 10:10:53.631932    80 WebService.cpp:124] Web service started on HTTP[19779]
I20240328 10:10:53.634251     1 RocksEngineConfig.cpp:371] Emplace rocksdb option max_bytes_for_level_base=268435456
I20240328 10:10:53.634269     1 RocksEngineConfig.cpp:371] Emplace rocksdb option max_write_buffer_number=4
I20240328 10:10:53.634274     1 RocksEngineConfig.cpp:371] Emplace rocksdb option write_buffer_size=67108864
I20240328 10:10:53.638069     1 RocksEngineConfig.cpp:371] Emplace rocksdb option block_size=8192
I20240328 10:10:53.763782     1 RocksEngine.cpp:107] open rocksdb on /data/storage/nebula/0/data
I20240328 10:10:53.764467     1 AdminTaskManager.cpp:22] max concurrent subtasks: 10
I20240328 10:10:53.764619     1 AdminTaskManager.cpp:40] exit AdminTaskManager::init()
I20240328 10:10:53.765579   104 AdminTaskManager.cpp:224] waiting for incoming task
I20240328 10:10:53.864164     1 MemoryUtils.cpp:171] MemoryTracker set static ratio: 0.8
I20240328 10:11:04.446135    63 ThriftClientManager-inl.h:67] resolve "metad0":9559 as "172.24.0.2":9559
I20240328 10:11:14.457851    64 ThriftClientManager-inl.h:67] resolve "metad0":9559 as "172.24.0.2":9559
I20240328 10:11:24.471407    65 ThriftClientManager-inl.h:67] resolve "metad0":9559 as "172.24.0.2":9559
I20240328 10:11:34.483148    72 ThriftClientManager-inl.h:67] resolve "metad0":9559 as "172.24.0.2":9559
I20240328 10:11:44.494566    73 ThriftClientManager-inl.h:67] resolve "metad0":9559 as "172.24.0.2":9559
I20240328 10:11:54.503691    74 ThriftClientManager-inl.h:67] resolve "metad0":9559 as "172.24.0.2":9559
I20240328 10:16:44.812152    66 MetaClient.cpp:3263] Load leader of "storaged0":9779 in 0 space
I20240328 10:16:44.812419    66 MetaClient.cpp:3263] Load leader of "storaged1":9779 in 0 space
I20240328 10:16:44.812429    66 MetaClient.cpp:3263] Load leader of "storaged2":9779 in 0 space
I20240328 10:16:44.812434    66 MetaClient.cpp:3269] Load leader ok
I20240328 10:16:44.812585    66 NebulaStore.cpp:417] Create data space 1
I20240328 10:16:44.814006   225 RocksEngineConfig.cpp:371] Emplace rocksdb option max_bytes_for_level_base=268435456
I20240328 10:16:44.814036   225 RocksEngineConfig.cpp:371] Emplace rocksdb option max_write_buffer_number=4
I20240328 10:16:44.814041   225 RocksEngineConfig.cpp:371] Emplace rocksdb option write_buffer_size=67108864
I20240328 10:16:44.814375   225 RocksEngineConfig.cpp:371] Emplace rocksdb option block_size=8192
I20240328 10:16:44.864308   225 RocksEngine.cpp:107] open rocksdb on /data/storage/nebula/1/data
I20240328 10:16:44.865391    66 NebulaStore.cpp:480] Space 1, part 2 has been added, asLearner 0
I20240328 10:16:44.866190    66 NebulaStore.cpp:480] Space 1, part 1 has been added, asLearner 0
I20240328 10:16:44.867110    66 NebulaStore.cpp:480] Space 1, part 3 has been added, asLearner 0
I20240328 10:16:44.868589    66 NebulaStore.cpp:480] Space 1, part 5 has been added, asLearner 0
I20240328 10:16:44.869712    66 NebulaStore.cpp:480] Space 1, part 4 has been added, asLearner 0
I20240328 10:16:44.870918    66 NebulaStore.cpp:480] Space 1, part 9 has been added, asLearner 0
I20240328 10:16:44.871659    66 NebulaStore.cpp:480] Space 1, part 10 has been added, asLearner 0
I20240328 10:16:44.872469    66 NebulaStore.cpp:480] Space 1, part 8 has been added, asLearner 0
I20240328 10:16:44.873426    66 NebulaStore.cpp:480] Space 1, part 7 has been added, asLearner 0
I20240328 10:16:44.874282    66 NebulaStore.cpp:480] Space 1, part 6 has been added, asLearner 0
I20240328 10:16:45.015664    64 ThriftClientManager-inl.h:67] resolve "storaged2":9780 as "172.24.0.5":9780
I20240328 10:16:45.017699    64 ThriftClientManager-inl.h:67] resolve "storaged1":9780 as "172.24.0.6":9780
I20240328 10:16:45.107250    65 ThriftClientManager-inl.h:67] resolve "storaged2":9780 as "172.24.0.5":9780
I20240328 10:16:45.107920    65 ThriftClientManager-inl.h:67] resolve "storaged1":9780 as "172.24.0.6":9780
I20240328 10:16:45.109516    72 ThriftClientManager-inl.h:67] resolve "storaged2":9780 as "172.24.0.5":9780
I20240328 10:16:45.110185    72 ThriftClientManager-inl.h:67] resolve "storaged1":9780 as "172.24.0.6":9780
I20240328 10:16:45.111492    73 ThriftClientManager-inl.h:67] resolve "storaged2":9780 as "172.24.0.5":9780
I20240328 10:16:45.111536    74 ThriftClientManager-inl.h:67] resolve "storaged2":9780 as "172.24.0.5":9780
I20240328 10:16:45.112268    73 ThriftClientManager-inl.h:67] resolve "storaged1":9780 as "172.24.0.6":9780
I20240328 10:16:45.112342    74 ThriftClientManager-inl.h:67] resolve "storaged1":9780 as "172.24.0.6":9780
I20240328 10:16:54.891662    66 MetaClient.cpp:3263] Load leader of "storaged0":9779 in 1 space
I20240328 10:16:54.891844    66 MetaClient.cpp:3263] Load leader of "storaged1":9779 in 1 space
I20240328 10:16:54.891855    66 MetaClient.cpp:3263] Load leader of "storaged2":9779 in 1 space
I20240328 10:16:54.891860    66 MetaClient.cpp:3269] Load leader ok
I20240328 10:16:55.195749    48 ThriftClientManager-inl.h:67] resolve "storaged2":9780 as "172.24.0.5":9780
I20240328 10:16:55.196319    48 ThriftClientManager-inl.h:67] resolve "storaged1":9780 as "172.24.0.6":9780
I20240328 10:17:04.917392    66 MetaClient.cpp:3263] Load leader of "storaged0":9779 in 1 space
I20240328 10:17:04.917560    66 MetaClient.cpp:3263] Load leader of "storaged1":9779 in 1 space
I20240328 10:17:04.917572    66 MetaClient.cpp:3263] Load leader of "storaged2":9779 in 1 space
I20240328 10:17:04.917577    66 MetaClient.cpp:3269] Load leader ok
I20240328 10:17:05.393057    54 ThriftClientManager-inl.h:67] resolve "storaged2":9780 as "172.24.0.5":9780
I20240328 10:17:05.393935    54 ThriftClientManager-inl.h:67] resolve "storaged1":9780 as "172.24.0.6":9780
I20240328 10:17:15.728307    56 ThriftClientManager-inl.h:67] resolve "storaged2":9780 as "172.24.0.5":9780
I20240328 10:17:15.728567    57 ThriftClientManager-inl.h:67] resolve "storaged2":9780 as "172.24.0.5":9780
I20240328 10:17:15.729187    57 ThriftClientManager-inl.h:67] resolve "storaged1":9780 as "172.24.0.6":9780
I20240328 10:17:15.729225    56 ThriftClientManager-inl.h:67] resolve "storaged1":9780 as "172.24.0.6":9780
I20240328 10:17:25.823483    60 ThriftClientManager-inl.h:67] resolve "storaged2":9780 as "172.24.0.5":9780
I20240328 10:17:25.824219    59 ThriftClientManager-inl.h:67] resolve "storaged2":9780 as "172.24.0.5":9780
I20240328 10:17:25.824473    60 ThriftClientManager-inl.h:67] resolve "storaged1":9780 as "172.24.0.6":9780
I20240328 10:17:25.826402    59 ThriftClientManager-inl.h:67] resolve "storaged1":9780 as "172.24.0.6":9780
I20240328 10:17:35.853951    62 ThriftClientManager-inl.h:67] resolve "storaged2":9780 as "172.24.0.5":9780
I20240328 10:17:35.853960    63 ThriftClientManager-inl.h:67] resolve "storaged2":9780 as "172.24.0.5":9780
I20240328 10:17:35.855046    62 ThriftClientManager-inl.h:67] resolve "storaged1":9780 as "172.24.0.6":9780
I20240328 10:17:35.855090    63 ThriftClientManager-inl.h:67] resolve "storaged1":9780 as "172.24.0.6":9780
I20240328 10:18:06.781162    55 ThriftClientManager-inl.h:67] resolve "storaged2":9780 as "172.24.0.5":9780
I20240328 10:18:06.782883    55 ThriftClientManager-inl.h:67] resolve "storaged1":9780 as "172.24.0.6":9780
I20240328 10:18:17.321401    58 ThriftClientManager-inl.h:67] resolve "storaged2":9780 as "172.24.0.5":9780
I20240328 10:18:17.322351    58 ThriftClientManager-inl.h:67] resolve "storaged1":9780 as "172.24.0.6":9780
I20240328 10:18:27.373339    61 ThriftClientManager-inl.h:67] resolve "storaged2":9780 as "172.24.0.5":9780
I20240328 10:18:27.374652    61 ThriftClientManager-inl.h:67] resolve "storaged1":9780 as "172.24.0.6":9780
I20240328 10:20:15.056349    66 MetaClient.cpp:3263] Load leader of "storaged0":9779 in 1 space
I20240328 10:20:15.056492    66 MetaClient.cpp:3263] Load leader of "storaged1":9779 in 1 space
I20240328 10:20:15.056504    66 MetaClient.cpp:3263] Load leader of "storaged2":9779 in 1 space
I20240328 10:20:15.056509    66 MetaClient.cpp:3269] Load leader ok
I20240328 10:33:35.854315    66 MetaClient.cpp:3263] Load leader of "storaged0":9779 in 1 space
I20240328 10:33:35.856050    66 MetaClient.cpp:3263] Load leader of "storaged1":9779 in 1 space
I20240328 10:33:35.856158    66 MetaClient.cpp:3263] Load leader of "storaged2":9779 in 1 space
I20240328 10:33:35.856164    66 MetaClient.cpp:3269] Load leader ok
I20240328 10:34:25.918489    66 MetaClient.cpp:3263] Load leader of "storaged0":9779 in 1 space
I20240328 10:34:25.918548    66 MetaClient.cpp:3263] Load leader of "storaged1":9779 in 1 space
I20240328 10:34:25.918565    66 MetaClient.cpp:3263] Load leader of "storaged2":9779 in 1 space
I20240328 10:34:25.918570    66 MetaClient.cpp:3269] Load leader ok
I20240328 10:34:25.918740    66 NebulaStore.cpp:417] Create data space 4
I20240328 10:34:25.920333   494 RocksEngineConfig.cpp:371] Emplace rocksdb option max_bytes_for_level_base=268435456
I20240328 10:34:25.920369   494 RocksEngineConfig.cpp:371] Emplace rocksdb option max_write_buffer_number=4
I20240328 10:34:25.920374   494 RocksEngineConfig.cpp:371] Emplace rocksdb option write_buffer_size=67108864
I20240328 10:34:25.920707   494 RocksEngineConfig.cpp:371] Emplace rocksdb option block_size=8192
I20240328 10:34:25.962860   494 RocksEngine.cpp:107] open rocksdb on /data/storage/nebula/4/data
I20240328 10:34:25.963913    66 NebulaStore.cpp:480] Space 4, part 47 has been added, asLearner 0
I20240328 10:34:25.964300    66 NebulaStore.cpp:480] Space 4, part 44 has been added, asLearner 0
I20240328 10:34:25.964970    66 NebulaStore.cpp:480] Space 4, part 41 has been added, asLearner 0
I20240328 10:34:25.965443    66 NebulaStore.cpp:480] Space 4, part 38 has been added, asLearner 0
I20240328 10:34:25.965804    66 NebulaStore.cpp:480] Space 4, part 35 has been added, asLearner 0
I20240328 10:34:25.966179    66 NebulaStore.cpp:480] Space 4, part 32 has been added, asLearner 0
I20240328 10:34:25.966627    66 NebulaStore.cpp:480] Space 4, part 29 has been added, asLearner 0
I20240328 10:34:25.966917    66 NebulaStore.cpp:480] Space 4, part 26 has been added, asLearner 0
I20240328 10:34:25.967291    66 NebulaStore.cpp:480] Space 4, part 11 has been added, asLearner 0
I20240328 10:34:25.967582    66 NebulaStore.cpp:480] Space 4, part 8 has been added, asLearner 0
I20240328 10:34:25.968055    66 NebulaStore.cpp:480] Space 4, part 74 has been added, asLearner 0
I20240328 10:34:25.968415    66 NebulaStore.cpp:480] Space 4, part 5 has been added, asLearner 0
I20240328 10:34:25.968747    66 NebulaStore.cpp:480] Space 4, part 71 has been added, asLearner 0
I20240328 10:34:25.969125    66 NebulaStore.cpp:480] Space 4, part 2 has been added, asLearner 0
I20240328 10:34:25.969655    66 NebulaStore.cpp:480] Space 4, part 68 has been added, asLearner 0
I20240328 10:34:25.970053    66 NebulaStore.cpp:480] Space 4, part 53 has been added, asLearner 0
I20240328 10:34:25.971168    66 NebulaStore.cpp:480] Space 4, part 65 has been added, asLearner 0
I20240328 10:34:25.971645    66 NebulaStore.cpp:480] Space 4, part 98 has been added, asLearner 0
I20240328 10:34:25.972074    66 NebulaStore.cpp:480] Space 4, part 89 has been added, asLearner 0
I20240328 10:34:25.972566    66 NebulaStore.cpp:480] Space 4, part 20 has been added, asLearner 0
I20240328 10:34:25.972929    66 NebulaStore.cpp:480] Space 4, part 56 has been added, asLearner 0
I20240328 10:34:25.973318    66 NebulaStore.cpp:480] Space 4, part 92 has been added, asLearner 0
I20240328 10:34:25.973618    66 NebulaStore.cpp:480] Space 4, part 23 has been added, asLearner 0
I20240328 10:34:25.973771    66 NebulaStore.cpp:480] Space 4, part 59 has been added, asLearner 0
I20240328 10:34:25.974002    66 NebulaStore.cpp:480] Space 4, part 62 has been added, asLearner 0
I20240328 10:34:25.974246    66 NebulaStore.cpp:480] Space 4, part 95 has been added, asLearner 0
I20240328 10:34:25.974489    66 NebulaStore.cpp:480] Space 4, part 86 has been added, asLearner 0
I20240328 10:34:25.974642    66 NebulaStore.cpp:480] Space 4, part 17 has been added, asLearner 0
I20240328 10:34:25.974792    66 NebulaStore.cpp:480] Space 4, part 83 has been added, asLearner 0
I20240328 10:34:25.974944    66 NebulaStore.cpp:480] Space 4, part 14 has been added, asLearner 0
I20240328 10:34:25.975098    66 NebulaStore.cpp:480] Space 4, part 80 has been added, asLearner 0
I20240328 10:34:25.975306    66 NebulaStore.cpp:480] Space 4, part 77 has been added, asLearner 0
I20240328 10:34:25.975484    66 NebulaStore.cpp:480] Space 4, part 50 has been added, asLearner 0
I20240328 10:34:36.003226    66 MetaClient.cpp:3263] Load leader of "storaged0":9779 in 2 space
I20240328 10:34:36.003361    66 MetaClient.cpp:3263] Load leader of "storaged1":9779 in 2 space
I20240328 10:34:36.003393    66 MetaClient.cpp:3263] Load leader of "storaged2":9779 in 2 space
I20240328 10:34:36.003432    66 MetaClient.cpp:3269] Load leader ok
I20240328 10:34:46.025538    66 MetaClient.cpp:3263] Load leader of "storaged0":9779 in 2 space
I20240328 10:34:46.025651    66 MetaClient.cpp:3263] Load leader of "storaged1":9779 in 2 space
I20240328 10:34:46.025677    66 MetaClient.cpp:3263] Load leader of "storaged2":9779 in 2 space
I20240328 10:34:46.025682    66 MetaClient.cpp:3269] Load leader ok
I20240328 10:38:26.242081    66 MetaClient.cpp:3263] Load leader of "storaged0":9779 in 2 space
I20240328 10:38:26.242242    66 MetaClient.cpp:3263] Load leader of "storaged1":9779 in 2 space
I20240328 10:38:26.242271    66 MetaClient.cpp:3263] Load leader of "storaged2":9779 in 2 space
I20240328 10:38:26.242276    66 MetaClient.cpp:3269] Load leader ok
I20240328 10:47:06.773623    66 MetaClient.cpp:3263] Load leader of "storaged0":9779 in 2 space
I20240328 10:47:06.773907    66 MetaClient.cpp:3263] Load leader of "storaged1":9779 in 2 space
I20240328 10:47:06.773962    66 MetaClient.cpp:3263] Load leader of "storaged2":9779 in 2 space
I20240328 10:47:06.773970    66 MetaClient.cpp:3269] Load leader ok
I20240328 10:48:56.895251    66 MetaClient.cpp:3263] Load leader of "storaged0":9779 in 2 space
I20240328 10:48:56.895426    66 MetaClient.cpp:3263] Load leader of "storaged1":9779 in 2 space
I20240328 10:48:56.895478    66 MetaClient.cpp:3263] Load leader of "storaged2":9779 in 2 space
I20240328 10:48:56.895485    66 MetaClient.cpp:3269] Load leader ok
I20240328 10:50:16.991799    66 MetaClient.cpp:3263] Load leader of "storaged0":9779 in 2 space
I20240328 10:50:16.991967    66 MetaClient.cpp:3263] Load leader of "storaged1":9779 in 2 space
I20240328 10:50:16.991992    66 MetaClient.cpp:3263] Load leader of "storaged2":9779 in 2 space
I20240328 10:50:16.991997    66 MetaClient.cpp:3269] Load leader ok
